<?xml version="1.0" encoding="UTF-8"?>
<coverage generated="1690593496078" clover="3.2.0">
  <project timestamp="1690593496079" name="All files">
    <metrics statements="18" coveredstatements="6" conditionals="0" coveredconditionals="0" methods="5" coveredmethods="2" elements="23" coveredelements="8" complexity="0" loc="18" ncloc="18" packages="1" files="1" classes="1"/>
    <file name="occurrencesService.ts" path="D:\arnia\projeto-final-M3\src\app\occurrences\services\occurrencesService.ts">
      <metrics statements="18" coveredstatements="6" conditionals="0" coveredconditionals="0" methods="5" coveredmethods="2"/>
      <line num="5" count="1" type="stmt"/>
      <line num="7" count="1" type="stmt"/>
      <line num="8" count="1" type="stmt"/>
      <line num="12" count="1" type="stmt"/>
      <line num="13" count="1" type="stmt"/>
      <line num="15" count="1" type="stmt"/>
      <line num="19" count="0" type="stmt"/>
      <line num="20" count="0" type="stmt"/>
      <line num="25" count="0" type="stmt"/>
      <line num="26" count="0" type="stmt"/>
      <line num="28" count="0" type="stmt"/>
      <line num="33" count="0" type="stmt"/>
      <line num="34" count="0" type="stmt"/>
      <line num="36" count="0" type="stmt"/>
      <line num="41" count="0" type="stmt"/>
      <line num="42" count="0" type="stmt"/>
      <line num="44" count="0" type="stmt"/>
      <line num="50" count="0" type="stmt"/>
    </file>
  </project>
</coverage>
