{"D:\\arnia\\projeto-final-M3\\src\\app\\occurrences\\services\\occurrencesService.ts": {"path":"D:\\arnia\\projeto-final-M3\\src\\app\\occurrences\\services\\occurrencesService.ts","statementMap":{"0":{"start":{"line":7,"column":16},"end":{"line":7,"column":56}},"1":{"start":{"line":8,"column":16},"end":{"line":8,"column":54}},"2":{"start":{"line":12,"column":8},"end":{"line":21,"column":10}},"3":{"start":{"line":13,"column":31},"end":{"line":13,"column":87}},"4":{"start":{"line":15,"column":11},"end":{"line":15,"column":104}},"5":{"start":{"line":19,"column":12},"end":{"line":19,"column":null}},"6":{"start":{"line":20,"column":12},"end":{"line":20,"column":83}},"7":{"start":{"line":25,"column":8},"end":{"line":29,"column":10}},"8":{"start":{"line":26,"column":12},"end":{"line":26,"column":83}},"9":{"start":{"line":28,"column":12},"end":{"line":28,"column":82}},"10":{"start":{"line":33,"column":8},"end":{"line":37,"column":10}},"11":{"start":{"line":34,"column":12},"end":{"line":34,"column":85}},"12":{"start":{"line":36,"column":12},"end":{"line":36,"column":82}},"13":{"start":{"line":41,"column":8},"end":{"line":51,"column":10}},"14":{"start":{"line":42,"column":40},"end":{"line":42,"column":118}},"15":{"start":{"line":44,"column":12},"end":{"line":48,"column":14}},"16":{"start":{"line":50,"column":12},"end":{"line":50,"column":82}},"17":{"start":{"line":5,"column":0},"end":{"line":5,"column":13}}},"fnMap":{"0":{"name":"(anonymous_7)","decl":{"start":{"line":6,"column":4},"end":{"line":6,"column":null}},"loc":{"start":{"line":8,"column":54},"end":{"line":9,"column":12}}},"1":{"name":"(anonymous_8)","decl":{"start":{"line":11,"column":10},"end":{"line":11,"column":26}},"loc":{"start":{"line":11,"column":54},"end":{"line":22,"column":6}}},"2":{"name":"(anonymous_10)","decl":{"start":{"line":24,"column":10},"end":{"line":24,"column":36}},"loc":{"start":{"line":24,"column":55},"end":{"line":30,"column":6}}},"3":{"name":"(anonymous_12)","decl":{"start":{"line":32,"column":10},"end":{"line":32,"column":28}},"loc":{"start":{"line":32,"column":63},"end":{"line":38,"column":6}}},"4":{"name":"(anonymous_14)","decl":{"start":{"line":40,"column":10},"end":{"line":40,"column":26}},"loc":{"start":{"line":40,"column":54},"end":{"line":52,"column":6}}}},"branchMap":{},"s":{"0":1,"1":1,"2":1,"3":1,"4":1,"5":0,"6":0,"7":0,"8":0,"9":0,"10":0,"11":0,"12":0,"13":0,"14":0,"15":0,"16":0,"17":1},"f":{"0":1,"1":1,"2":0,"3":0,"4":0},"b":{}}
}
